# JRE version: OpenJDK Runtime Environment (11.0.8+10) (build 11.0.8+10-b944.6842174)
# Java VM: OpenJDK 64-Bit Server VM (11.0.8+10-b944.6842174, mixed mode, tiered, compressed oops, g1 gc, windows-amd64)
Heap:
 garbage-first heap   total 363520K, used 220172K [0x0000000080000000, 0x0000000100000000)
  region size 1024K, 39 young (39936K), 5 survivors (5120K)
 Metaspace       used 142117K, capacity 145790K, committed 146508K, reserved 1177600K
  class space    used 17009K, capacity 18271K, committed 18560K, reserved 1048576K
GC Heap History (20 events):
Event: 16950.670 GC heap before
{Heap before GC invocations=64 (full 0):
 garbage-first heap   total 260096K, used 210944K [0x0000000080000000, 0x0000000100000000)
  region size 1024K, 49 young (50176K), 6 survivors (6144K)
 Metaspace       used 139803K, capacity 143610K, committed 144332K, reserved 1175552K
  class space    used 16888K, capacity 18194K, committed 18432K, reserved 1048576K
}
Event: 16950.682 GC heap after
{Heap after GC invocations=65 (full 0):
 garbage-first heap   total 260096K, used 172341K [0x0000000080000000, 0x0000000100000000)
  region size 1024K, 5 young (5120K), 5 survivors (5120K)
 Metaspace       used 139803K, capacity 143610K, committed 144332K, reserved 1175552K
  class space    used 16888K, capacity 18194K, committed 18432K, reserved 1048576K
}
Event: 16950.707 GC heap before
{Heap before GC invocations=65 (full 0):
 garbage-first heap   total 260096K, used 179509K [0x0000000080000000, 0x0000000100000000)
  region size 1024K, 12 young (12288K), 5 survivors (5120K)
 Metaspace       used 139849K, capacity 143612K, committed 144332K, reserved 1175552K
  class space    used 16888K, capacity 18194K, committed 18432K, reserved 1048576K
}
Event: 16950.725 GC heap after
{Heap after GC invocations=66 (full 0):
 garbage-first heap   total 260096K, used 166576K [0x0000000080000000, 0x0000000100000000)
  region size 1024K, 1 young (1024K), 1 survivors (1024K)
 Metaspace       used 139849K, capacity 143612K, committed 144332K, reserved 1175552K
  class space    used 16888K, capacity 18194K, committed 18432K, reserved 1048576K
}
Event: 16951.200 GC heap before
{Heap before GC invocations=66 (full 0):
 garbage-first heap   total 260096K, used 211632K [0x0000000080000000, 0x0000000100000000)
  region size 1024K, 45 young (46080K), 1 survivors (1024K)
 Metaspace       used 140775K, capacity 144558K, committed 145100K, reserved 1175552K
  class space    used 16960K, capacity 18270K, committed 18432K, reserved 1048576K
}
Event: 16951.210 GC heap after
{Heap after GC invocations=67 (full 0):
 garbage-first heap   total 260096K, used 168960K [0x0000000080000000, 0x0000000100000000)
  region size 1024K, 3 young (3072K), 3 survivors (3072K)
 Metaspace       used 140775K, capacity 144558K, committed 145100K, reserved 1175552K
  class space    used 16960K, capacity 18270K, committed 18432K, reserved 1048576K
}
Event: 16951.380 GC heap before
{Heap before GC invocations=67 (full 0):
 garbage-first heap   total 260096K, used 215040K [0x0000000080000000, 0x0000000100000000)
  region size 1024K, 48 young (49152K), 3 survivors (3072K)
 Metaspace       used 141305K, capacity 145138K, committed 145740K, reserved 1177600K
  class space    used 17013K, capacity 18335K, committed 18560K, reserved 1048576K
}
Event: 16951.386 GC heap after
{Heap after GC invocations=68 (full 0):
 garbage-first heap   total 260096K, used 170638K [0x0000000080000000, 0x0000000100000000)
  region size 1024K, 5 young (5120K), 5 survivors (5120K)
 Metaspace       used 141305K, capacity 145138K, committed 145740K, reserved 1177600K
  class space    used 17013K, capacity 18335K, committed 18560K, reserved 1048576K
}
Event: 16951.596 GC heap before
{Heap before GC invocations=69 (full 0):
 garbage-first heap   total 260096K, used 215694K [0x0000000080000000, 0x0000000100000000)
  region size 1024K, 50 young (51200K), 5 survivors (5120K)
 Metaspace       used 141634K, capacity 145335K, committed 146252K, reserved 1177600K
  class space    used 16964K, capacity 18231K, committed 18560K, reserved 1048576K
}
Event: 16951.606 GC heap after
{Heap after GC invocations=70 (full 0):
 garbage-first heap   total 260096K, used 172816K [0x0000000080000000, 0x0000000100000000)
  region size 1024K, 5 young (5120K), 5 survivors (5120K)
 Metaspace       used 141634K, capacity 145335K, committed 146252K, reserved 1177600K
  class space    used 16964K, capacity 18231K, committed 18560K, reserved 1048576K
}
Event: 16951.621 GC heap before
{Heap before GC invocations=70 (full 0):
 garbage-first heap   total 260096K, used 179984K [0x0000000080000000, 0x0000000100000000)
  region size 1024K, 12 young (12288K), 5 survivors (5120K)
 Metaspace       used 141652K, capacity 145337K, committed 146252K, reserved 1177600K
  class space    used 16964K, capacity 18231K, committed 18560K, reserved 1048576K
}
Event: 16951.629 GC heap after
{Heap after GC invocations=71 (full 0):
 garbage-first heap   total 260096K, used 170920K [0x0000000080000000, 0x0000000100000000)
  region size 1024K, 1 young (1024K), 1 survivors (1024K)
 Metaspace       used 141652K, capacity 145337K, committed 146252K, reserved 1177600K
  class space    used 16964K, capacity 18231K, committed 18560K, reserved 1048576K
}
Event: 16951.737 GC heap before
{Heap before GC invocations=71 (full 0):
 garbage-first heap   total 260096K, used 215976K [0x0000000080000000, 0x0000000100000000)
  region size 1024K, 46 young (47104K), 1 survivors (1024K)
 Metaspace       used 141787K, capacity 145489K, committed 146252K, reserved 1177600K
  class space    used 16988K, capacity 18260K, committed 18560K, reserved 1048576K
}
Event: 16951.742 GC heap after
{Heap after GC invocations=72 (full 0):
 garbage-first heap   total 260096K, used 171974K [0x0000000080000000, 0x0000000100000000)
  region size 1024K, 2 young (2048K), 2 survivors (2048K)
 Metaspace       used 141787K, capacity 145489K, committed 146252K, reserved 1177600K
  class space    used 16988K, capacity 18260K, committed 18560K, reserved 1048576K
}
Event: 16952.005 GC heap before
{Heap before GC invocations=72 (full 0):
 garbage-first heap   total 260096K, used 219078K [0x0000000080000000, 0x0000000100000000)
  region size 1024K, 48 young (49152K), 2 survivors (2048K)
 Metaspace       used 141856K, capacity 145573K, committed 146508K, reserved 1177600K
  class space    used 16991K, capacity 18265K, committed 18560K, reserved 1048576K
}
Event: 16952.016 GC heap after
{Heap after GC invocations=73 (full 0):
 garbage-first heap   total 363520K, used 174329K [0x0000000080000000, 0x0000000100000000)
  region size 1024K, 5 young (5120K), 5 survivors (5120K)
 Metaspace       used 141856K, capacity 145573K, committed 146508K, reserved 1177600K
  class space    used 16991K, capacity 18265K, committed 18560K, reserved 1048576K
}
Event: 16952.272 GC heap before
{Heap before GC invocations=74 (full 0):
 garbage-first heap   total 363520K, used 267513K [0x0000000080000000, 0x0000000100000000)
  region size 1024K, 96 young (98304K), 5 survivors (5120K)
 Metaspace       used 141962K, capacity 145642K, committed 146508K, reserved 1177600K
  class space    used 16997K, capacity 18266K, committed 18560K, reserved 1048576K
}
Event: 16952.286 GC heap after
{Heap after GC invocations=75 (full 0):
 garbage-first heap   total 363520K, used 182464K [0x0000000080000000, 0x0000000100000000)
  region size 1024K, 12 young (12288K), 12 survivors (12288K)
 Metaspace       used 141962K, capacity 145642K, committed 146508K, reserved 1177600K
  class space    used 16997K, capacity 18266K, committed 18560K, reserved 1048576K
}
Event: 16952.452 GC heap before
{Heap before GC invocations=75 (full 0):
 garbage-first heap   total 363520K, used 275648K [0x0000000080000000, 0x0000000100000000)
  region size 1024K, 103 young (105472K), 12 survivors (12288K)
 Metaspace       used 142063K, capacity 145784K, committed 146508K, reserved 1177600K
  class space    used 17008K, capacity 18270K, committed 18560K, reserved 1048576K
}
Event: 16952.479 GC heap after
{Heap after GC invocations=76 (full 0):
 garbage-first heap   total 363520K, used 186380K [0x0000000080000000, 0x0000000100000000)
  region size 1024K, 5 young (5120K), 5 survivors (5120K)
 Metaspace       used 142063K, capacity 145784K, committed 146508K, reserved 1177600K
  class space    used 17008K, capacity 18270K, committed 18560K, reserved 1048576K
}

