# JRE version: OpenJDK Runtime Environment (11.0.8+10) (build 11.0.8+10-b944.6842174)
# Java VM: OpenJDK 64-Bit Server VM (11.0.8+10-b944.6842174, mixed mode, tiered, compressed oops, g1 gc, windows-amd64)
Heap:
 garbage-first heap   total 260096K, used 48815K [0x0000000080000000, 0x0000000100000000)
  region size 1024K, 27 young (27648K), 18 survivors (18432K)
 Metaspace       used 57767K, capacity 59150K, committed 59392K, reserved 1101824K
  class space    used 7364K, capacity 7844K, committed 7936K, reserved 1048576K
GC Heap History (10 events):
Event: 1.223 GC heap before
{Heap before GC invocations=0 (full 0):
 garbage-first heap   total 260096K, used 29696K [0x0000000080000000, 0x0000000100000000)
  region size 1024K, 24 young (24576K), 0 survivors (0K)
 Metaspace       used 10656K, capacity 10890K, committed 11008K, reserved 1058816K
  class space    used 1130K, capacity 1202K, committed 1280K, reserved 1048576K
}
Event: 1.228 GC heap after
{Heap after GC invocations=1 (full 0):
 garbage-first heap   total 260096K, used 8932K [0x0000000080000000, 0x0000000100000000)
  region size 1024K, 3 young (3072K), 3 survivors (3072K)
 Metaspace       used 10656K, capacity 10890K, committed 11008K, reserved 1058816K
  class space    used 1130K, capacity 1202K, committed 1280K, reserved 1048576K
}
Event: 4.194 GC heap before
{Heap before GC invocations=1 (full 0):
 garbage-first heap   total 260096K, used 93924K [0x0000000080000000, 0x0000000100000000)
  region size 1024K, 88 young (90112K), 3 survivors (3072K)
 Metaspace       used 20647K, capacity 21115K, committed 21248K, reserved 1067008K
  class space    used 2539K, capacity 2712K, committed 2816K, reserved 1048576K
}
Event: 4.217 GC heap after
{Heap after GC invocations=2 (full 0):
 garbage-first heap   total 260096K, used 16052K [0x0000000080000000, 0x0000000100000000)
  region size 1024K, 10 young (10240K), 10 survivors (10240K)
 Metaspace       used 20647K, capacity 21115K, committed 21248K, reserved 1067008K
  class space    used 2539K, capacity 2712K, committed 2816K, reserved 1048576K
}
Event: 5.566 GC heap before
{Heap before GC invocations=3 (full 0):
 garbage-first heap   total 260096K, used 73396K [0x0000000080000000, 0x0000000100000000)
  region size 1024K, 67 young (68608K), 10 survivors (10240K)
 Metaspace       used 26817K, capacity 27416K, committed 27648K, reserved 1073152K
  class space    used 3534K, capacity 3754K, committed 3840K, reserved 1048576K
}
Event: 5.580 GC heap after
{Heap after GC invocations=4 (full 0):
 garbage-first heap   total 260096K, used 18335K [0x0000000080000000, 0x0000000100000000)
  region size 1024K, 3 young (3072K), 3 survivors (3072K)
 Metaspace       used 26817K, capacity 27416K, committed 27648K, reserved 1073152K
  class space    used 3534K, capacity 3754K, committed 3840K, reserved 1048576K
}
Event: 6.879 GC heap before
{Heap before GC invocations=4 (full 0):
 garbage-first heap   total 260096K, used 59295K [0x0000000080000000, 0x0000000100000000)
  region size 1024K, 44 young (45056K), 3 survivors (3072K)
 Metaspace       used 35121K, capacity 35777K, committed 35840K, reserved 1081344K
  class space    used 4573K, capacity 4858K, committed 4864K, reserved 1048576K
}
Event: 6.894 GC heap after
{Heap after GC invocations=5 (full 0):
 garbage-first heap   total 260096K, used 21154K [0x0000000080000000, 0x0000000100000000)
  region size 1024K, 6 young (6144K), 6 survivors (6144K)
 Metaspace       used 35121K, capacity 35777K, committed 35840K, reserved 1081344K
  class space    used 4573K, capacity 4858K, committed 4864K, reserved 1048576K
}
Event: 9.268 GC heap before
{Heap before GC invocations=6 (full 0):
 garbage-first heap   total 260096K, used 123554K [0x0000000080000000, 0x0000000100000000)
  region size 1024K, 103 young (105472K), 6 survivors (6144K)
 Metaspace       used 43948K, capacity 44977K, committed 45312K, reserved 1089536K
  class space    used 5654K, capacity 6046K, committed 6144K, reserved 1048576K
}
Event: 9.286 GC heap after
{Heap after GC invocations=7 (full 0):
 garbage-first heap   total 260096K, used 26337K [0x0000000080000000, 0x0000000100000000)
  region size 1024K, 11 young (11264K), 11 survivors (11264K)
 Metaspace       used 43948K, capacity 44977K, committed 45312K, reserved 1089536K
  class space    used 5654K, capacity 6046K, committed 6144K, reserved 1048576K
}

