# JRE version: OpenJDK Runtime Environment (11.0.8+10) (build 11.0.8+10-b944.6842174)
# Java VM: OpenJDK 64-Bit Server VM (11.0.8+10-b944.6842174, mixed mode, tiered, compressed oops, g1 gc, windows-amd64)
Heap:
 garbage-first heap   total 260096K, used 130975K [0x0000000080000000, 0x0000000100000000)
  region size 1024K, 67 young (68608K), 3 survivors (3072K)
 Metaspace       used 64838K, capacity 66734K, committed 66892K, reserved 1107968K
  class space    used 8144K, capacity 8757K, committed 8856K, reserved 1048576K
GC Heap History (14 events):
Event: 1.486 GC heap before
{Heap before GC invocations=0 (full 0):
 garbage-first heap   total 260096K, used 29696K [0x0000000080000000, 0x0000000100000000)
  region size 1024K, 24 young (24576K), 0 survivors (0K)
 Metaspace       used 10659K, capacity 10890K, committed 11008K, reserved 1058816K
  class space    used 1130K, capacity 1202K, committed 1280K, reserved 1048576K
}
Event: 1.491 GC heap after
{Heap after GC invocations=1 (full 0):
 garbage-first heap   total 260096K, used 8490K [0x0000000080000000, 0x0000000100000000)
  region size 1024K, 3 young (3072K), 3 survivors (3072K)
 Metaspace       used 10659K, capacity 10890K, committed 11008K, reserved 1058816K
  class space    used 1130K, capacity 1202K, committed 1280K, reserved 1048576K
}
Event: 5.711 GC heap before
{Heap before GC invocations=1 (full 0):
 garbage-first heap   total 260096K, used 94506K [0x0000000080000000, 0x0000000100000000)
  region size 1024K, 89 young (91136K), 3 survivors (3072K)
 Metaspace       used 20631K, capacity 21114K, committed 21248K, reserved 1067008K
  class space    used 2536K, capacity 2723K, committed 2816K, reserved 1048576K
}
Event: 5.734 GC heap after
{Heap after GC invocations=2 (full 0):
 garbage-first heap   total 260096K, used 16010K [0x0000000080000000, 0x0000000100000000)
  region size 1024K, 11 young (11264K), 11 survivors (11264K)
 Metaspace       used 20631K, capacity 21114K, committed 21248K, reserved 1067008K
  class space    used 2536K, capacity 2723K, committed 2816K, reserved 1048576K
}
Event: 6.805 GC heap before
{Heap before GC invocations=3 (full 0):
 garbage-first heap   total 260096K, used 51850K [0x0000000080000000, 0x0000000100000000)
  region size 1024K, 46 young (47104K), 11 survivors (11264K)
 Metaspace       used 24693K, capacity 25261K, committed 25472K, reserved 1071104K
  class space    used 3182K, capacity 3406K, committed 3456K, reserved 1048576K
}
Event: 6.812 GC heap after
{Heap after GC invocations=4 (full 0):
 garbage-first heap   total 260096K, used 17600K [0x0000000080000000, 0x0000000100000000)
  region size 1024K, 2 young (2048K), 2 survivors (2048K)
 Metaspace       used 24693K, capacity 25261K, committed 25472K, reserved 1071104K
  class space    used 3182K, capacity 3406K, committed 3456K, reserved 1048576K
}
Event: 10.652 GC heap before
{Heap before GC invocations=4 (full 0):
 garbage-first heap   total 260096K, used 97472K [0x0000000080000000, 0x0000000100000000)
  region size 1024K, 73 young (74752K), 2 survivors (2048K)
 Metaspace       used 34964K, capacity 35762K, committed 35840K, reserved 1081344K
  class space    used 4558K, capacity 4841K, committed 4864K, reserved 1048576K
}
Event: 10.665 GC heap after
{Heap after GC invocations=5 (full 0):
 garbage-first heap   total 260096K, used 33426K [0x0000000080000000, 0x0000000100000000)
  region size 1024K, 9 young (9216K), 9 survivors (9216K)
 Metaspace       used 34964K, capacity 35762K, committed 35840K, reserved 1081344K
  class space    used 4558K, capacity 4841K, committed 4864K, reserved 1048576K
}
Event: 14.340 GC heap before
{Heap before GC invocations=6 (full 0):
 garbage-first heap   total 260096K, used 140946K [0x0000000080000000, 0x0000000100000000)
  region size 1024K, 104 young (106496K), 9 survivors (9216K)
 Metaspace       used 45652K, capacity 46762K, committed 47052K, reserved 1089536K
  class space    used 5663K, capacity 6044K, committed 6092K, reserved 1048576K
}
Event: 14.355 GC heap after
{Heap after GC invocations=7 (full 0):
 garbage-first heap   total 260096K, used 48311K [0x0000000080000000, 0x0000000100000000)
  region size 1024K, 13 young (13312K), 13 survivors (13312K)
 Metaspace       used 45652K, capacity 46762K, committed 47052K, reserved 1089536K
  class space    used 5663K, capacity 6044K, committed 6092K, reserved 1048576K
}
Event: 43.028 GC heap before
{Heap before GC invocations=7 (full 0):
 garbage-first heap   total 260096K, used 169143K [0x0000000080000000, 0x0000000100000000)
  region size 1024K, 129 young (132096K), 13 survivors (13312K)
 Metaspace       used 52592K, capacity 54255K, committed 54476K, reserved 1097728K
  class space    used 6608K, capacity 7108K, committed 7116K, reserved 1048576K
}
Event: 43.041 GC heap after
{Heap after GC invocations=8 (full 0):
 garbage-first heap   total 260096K, used 62198K [0x0000000080000000, 0x0000000100000000)
  region size 1024K, 17 young (17408K), 17 survivors (17408K)
 Metaspace       used 52592K, capacity 54255K, committed 54476K, reserved 1097728K
  class space    used 6608K, capacity 7108K, committed 7116K, reserved 1048576K
}
Event: 45.179 GC heap before
{Heap before GC invocations=8 (full 0):
 garbage-first heap   total 260096K, used 101110K [0x0000000080000000, 0x0000000100000000)
  region size 1024K, 56 young (57344K), 17 survivors (17408K)
 Metaspace       used 58534K, capacity 60151K, committed 60288K, reserved 1101824K
  class space    used 7324K, capacity 7855K, committed 7884K, reserved 1048576K
}
Event: 45.210 GC heap after
{Heap after GC invocations=9 (full 0):
 garbage-first heap   total 260096K, used 65439K [0x0000000080000000, 0x0000000100000000)
  region size 1024K, 3 young (3072K), 3 survivors (3072K)
 Metaspace       used 58534K, capacity 60151K, committed 60288K, reserved 1101824K
  class space    used 7324K, capacity 7855K, committed 7884K, reserved 1048576K
}

